#
# There is insufficient memory for the Java Runtime Environment to continue.
# Native memory allocation (malloc) failed to allocate 458976 bytes for Chunk::new
# Possible reasons:
#   The system is out of physical RAM or swap space
#   The process is running with CompressedOops enabled, and the Java Heap may be blocking the growth of the native heap
# Possible solutions:
#   Reduce memory load on the system
#   Increase physical memory or swap space
#   Check if swap backing store is full
#   Decrease Java heap size (-Xmx/-Xms)
#   Decrease number of Java threads
#   Decrease Java thread stack sizes (-Xss)
#   Set larger code cache with -XX:ReservedCodeCacheSize=
#   JVM is running with Zero Based Compressed Oops mode in which the Java heap is
#     placed in the first 32GB address space. The Java Heap base address is the
#     maximum limit for the native heap growth. Please use -XX:HeapBaseMinAddress
#     to set the Java Heap base and to place the Java Heap above 32GB virtual address.
# This output file may be truncated or incomplete.
#
#  Out of Memory Error (arena.cpp:189), pid=28632, tid=33300
#
# JRE version: OpenJDK Runtime Environment Temurin-17.0.7+7 (17.0.7+7) (build 17.0.7+7)
# Java VM: OpenJDK 64-Bit Server VM Temurin-17.0.7+7 (17.0.7+7, mixed mode, tiered, compressed oops, compressed class ptrs, g1 gc, windows-amd64)
# No core dump will be written. Minidumps are not enabled by default on client versions of Windows
#

---------------  S U M M A R Y ------------

Command Line: -Dfile.encoding=UTF-8 --module-path=C:\dev\drivers\ojdbc8.jar -XX:+ShowCodeDetailsInExceptionMessages eduCourse_prj.professor.design.ProfTestRegDesign

Host: 13th Gen Intel(R) Core(TM) i7-13700, 24 cores, 15G,  Windows 11 , 64 bit Build 22621 (10.0.22621.3235)
Time: Mon Mar 18 15:47:58 2024  Windows 11 , 64 bit Build 22621 (10.0.22621.3235) elapsed time: 0.268784 seconds (0d 0h 0m 0s)

---------------  T H R E A D  ---------------

Current thread (0x0000022e3a5cdfc0):  JavaThread "C2 CompilerThread2" daemon [_thread_in_native, id=33300, stack(0x000000b94eb00000,0x000000b94ec00000)]


Current CompileTask:
C2:    268  912   !   4       sun.awt.image.PNGImageDecoder::produceImage (1917 bytes)

Stack: [0x000000b94eb00000,0x000000b94ec00000]
Native frames: (J=compiled Java code, j=interpreted, Vv=VM code, C=native code)
V  [jvm.dll+0x67754a]
V  [jvm.dll+0x834304]
V  [jvm.dll+0x835aae]
V  [jvm.dll+0x836113]
V  [jvm.dll+0x24696f]
V  [jvm.dll+0xac0ac]
V  [jvm.dll+0xac67c]
V  [jvm.dll+0x2adbef]
V  [jvm.dll+0x580067]
V  [jvm.dll+0x221e72]
V  [jvm.dll+0x21b244]
V  [jvm.dll+0x21895b]
V  [jvm.dll+0x1a4d8d]
V  [jvm.dll+0x2284da]
V  [jvm.dll+0x226615]
V  [jvm.dll+0x7ea90b]
V  [jvm.dll+0x7e4e7a]
V  [jvm.dll+0x676395]
C  [ucrtbase.dll+0x29363]
C  [KERNEL32.DLL+0x1257d]
C  [ntdll.dll+0x5aa58]


---------------  P R O C E S S  ---------------

Threads class SMR info:
_java_thread_list=0x0000022e3ac3f620, length=24, elements={
0x0000022e182aa310, 0x0000022e3a28a520, 0x0000022e3a28aed0, 0x0000022e3a2bdc50,
0x0000022e3a2be510, 0x0000022e3a2beec0, 0x0000022e3a2bf870, 0x0000022e3a30be60,
0x0000022e3a30c760, 0x0000022e3a31d910, 0x0000022e3a3f23f0, 0x0000022e3a251140,
0x0000022e3a582340, 0x0000022e3a586860, 0x0000022e3a5cb0a0, 0x0000022e3a5cdfc0,
0x0000022e3a5ce6f0, 0x0000022e3a7190f0, 0x0000022e3a90dc60, 0x0000022e3aa6b030,
0x0000022e3a9f2980, 0x0000022e3a9f2e50, 0x0000022e3aab8d60, 0x0000022e3aab8850
}

Java Threads: ( => current thread )
  0x0000022e182aa310 JavaThread "main" [_thread_in_Java, id=38532, stack(0x000000b94d600000,0x000000b94d700000)]
  0x0000022e3a28a520 JavaThread "Reference Handler" daemon [_thread_blocked, id=37984, stack(0x000000b94dd00000,0x000000b94de00000)]
  0x0000022e3a28aed0 JavaThread "Finalizer" daemon [_thread_blocked, id=34744, stack(0x000000b94de00000,0x000000b94df00000)]
  0x0000022e3a2bdc50 JavaThread "Signal Dispatcher" daemon [_thread_blocked, id=19748, stack(0x000000b94df00000,0x000000b94e000000)]
  0x0000022e3a2be510 JavaThread "Attach Listener" daemon [_thread_blocked, id=4344, stack(0x000000b94e000000,0x000000b94e100000)]
  0x0000022e3a2beec0 JavaThread "Service Thread" daemon [_thread_blocked, id=2628, stack(0x000000b94e100000,0x000000b94e200000)]
  0x0000022e3a2bf870 JavaThread "Monitor Deflation Thread" daemon [_thread_blocked, id=17916, stack(0x000000b94e200000,0x000000b94e300000)]
  0x0000022e3a30be60 JavaThread "C2 CompilerThread0" daemon [_thread_blocked, id=14112, stack(0x000000b94e300000,0x000000b94e400000)]
  0x0000022e3a30c760 JavaThread "C1 CompilerThread0" daemon [_thread_blocked, id=35392, stack(0x000000b94e400000,0x000000b94e500000)]
  0x0000022e3a31d910 JavaThread "Sweeper thread" daemon [_thread_blocked, id=38008, stack(0x000000b94e500000,0x000000b94e600000)]
  0x0000022e3a3f23f0 JavaThread "Common-Cleaner" daemon [_thread_blocked, id=34500, stack(0x000000b94e600000,0x000000b94e700000)]
  0x0000022e3a251140 JavaThread "C1 CompilerThread1" daemon [_thread_blocked, id=36752, stack(0x000000b94e700000,0x000000b94e800000)]
  0x0000022e3a582340 JavaThread "C1 CompilerThread2" daemon [_thread_blocked, id=24812, stack(0x000000b94e800000,0x000000b94e900000)]
  0x0000022e3a586860 JavaThread "C1 CompilerThread3" daemon [_thread_blocked, id=24364, stack(0x000000b94e900000,0x000000b94ea00000)]
  0x0000022e3a5cb0a0 JavaThread "C2 CompilerThread1" daemon [_thread_blocked, id=15424, stack(0x000000b94ea00000,0x000000b94eb00000)]
=>0x0000022e3a5cdfc0 JavaThread "C2 CompilerThread2" daemon [_thread_in_native, id=33300, stack(0x000000b94eb00000,0x000000b94ec00000)]
  0x0000022e3a5ce6f0 JavaThread "C2 CompilerThread3" daemon [_thread_in_native, id=27828, stack(0x000000b94ec00000,0x000000b94ed00000)]
  0x0000022e3a7190f0 JavaThread "C2 CompilerThread4" daemon [_thread_blocked, id=9252, stack(0x000000b94ed00000,0x000000b94ee00000)]
  0x0000022e3a90dc60 JavaThread "Notification Thread" daemon [_thread_blocked, id=31660, stack(0x000000b94ee00000,0x000000b94ef00000)]
  0x0000022e3aa6b030 JavaThread "Java2D Disposer" daemon [_thread_blocked, id=34668, stack(0x000000b94f000000,0x000000b94f100000)]
  0x0000022e3a9f2980 JavaThread "AWT-Shutdown" [_thread_blocked, id=17180, stack(0x000000b94f100000,0x000000b94f200000)]
  0x0000022e3a9f2e50 JavaThread "AWT-Windows" daemon [_thread_in_native, id=11380, stack(0x000000b94f200000,0x000000b94f300000)]
  0x0000022e3aab8d60 JavaThread "Image Fetcher 0" daemon [_thread_blocked, id=28660, stack(0x000000b94f300000,0x000000b94f400000)]
  0x0000022e3aab8850 JavaThread "AWT-EventQueue-0" [_thread_in_vm, id=35212, stack(0x000000b94f400000,0x000000b94f500000)]

Other Threads:
  0x0000022e39e55240 VMThread "VM Thread" [stack: 0x000000b94dc00000,0x000000b94dd00000] [id=8456]
  0x0000022e39c8d810 WatcherThread [stack: 0x000000b94ef00000,0x000000b94f000000] [id=38272]
  0x0000022e1831c2f0 GCTaskThread "GC Thread#0" [stack: 0x000000b94d700000,0x000000b94d800000] [id=20080]
  0x0000022e182cad60 ConcurrentGCThread "G1 Main Marker" [stack: 0x000000b94d800000,0x000000b94d900000] [id=9144]
  0x0000022e1832dd40 ConcurrentGCThread "G1 Conc#0" [stack: 0x000000b94d900000,0x000000b94da00000] [id=32292]
  0x0000022e39d82030 ConcurrentGCThread "G1 Refine#0" [stack: 0x000000b94da00000,0x000000b94db00000] [id=35780]
  0x0000022e39d82a50 ConcurrentGCThread "G1 Service" [stack: 0x000000b94db00000,0x000000b94dc00000] [id=35552]

Threads with active compile tasks:
C2 CompilerThread2      278  912   !   4       sun.awt.image.PNGImageDecoder::produceImage (1917 bytes)
C2 CompilerThread3      278  897       4       sun.awt.image.PNGImageDecoder::filterRow (460 bytes)

VM state: not at safepoint (normal execution)

VM Mutex/Monitor currently owned by a thread: None

Heap address: 0x0000000704e00000, size: 4018 MB, Compressed Oops mode: Zero based, Oop shift amount: 3

CDS archive(s) not mapped
Compressed class space mapped at: 0x0000000800000000-0x0000000840000000, reserved size: 1073741824
Narrow klass base: 0x0000000800000000, Narrow klass shift: 0, Narrow klass range: 0x40000000

GC Precious Log:
 CPUs: 24 total, 24 available
 Memory: 16068M
 Large Page Support: Disabled
 NUMA Support: Disabled
 Compressed Oops: Enabled (Zero based)
 Heap Region Size: 2M
 Heap Min Capacity: 8M
 Heap Initial Capacity: 252M
 Heap Max Capacity: 4018M
 Pre-touch: Disabled
 Parallel Workers: 18
 Concurrent Workers: 5
 Concurrent Refinement Workers: 18
 Periodic GC: Disabled

Heap:
 garbage-first heap   total 258048K, used 16384K [0x0000000704e00000, 0x0000000800000000)
  region size 2048K, 7 young (14336K), 0 survivors (0K)
 Metaspace       used 13926K, committed 14080K, reserved 1114112K
  class space    used 1417K, committed 1536K, reserved 1048576K

Heap Regions: E=young(eden), S=young(survivor), O=old, HS=humongous(starts), HC=humongous(continues), CS=collection set, F=free, OA=open archive, CA=closed archive, TAMS=top-at-mark-start (previous, next)
|   0|0x0000000704e00000, 0x0000000705000000, 0x0000000705000000|100%|HS|  |TAMS 0x0000000704e00000, 0x0000000704e00000| Complete 
|   1|0x0000000705000000, 0x0000000705200000, 0x0000000705200000|100%|HC|  |TAMS 0x0000000705000000, 0x0000000705000000| Complete 
|   2|0x0000000705200000, 0x0000000705200000, 0x0000000705400000|  0%| F|  |TAMS 0x0000000705200000, 0x0000000705200000| Untracked 
|   3|0x0000000705400000, 0x0000000705400000, 0x0000000705600000|  0%| F|  |TAMS 0x0000000705400000, 0x0000000705400000| Untracked 
|   4|0x0000000705600000, 0x0000000705600000, 0x0000000705800000|  0%| F|  |TAMS 0x0000000705600000, 0x0000000705600000| Untracked 
|   5|0x0000000705800000, 0x0000000705800000, 0x0000000705a00000|  0%| F|  |TAMS 0x0000000705800000, 0x0000000705800000| Untracked 
|   6|0x0000000705a00000, 0x0000000705a00000, 0x0000000705c00000|  0%| F|  |TAMS 0x0000000705a00000, 0x0000000705a00000| Untracked 
|   7|0x0000000705c00000, 0x0000000705c00000, 0x0000000705e00000|  0%| F|  |TAMS 0x0000000705c00000, 0x0000000705c00000| Untracked 
|   8|0x0000000705e00000, 0x0000000705e00000, 0x0000000706000000|  0%| F|  |TAMS 0x0000000705e00000, 0x0000000705e00000| Untracked 
|   9|0x0000000706000000, 0x0000000706000000, 0x0000000706200000|  0%| F|  |TAMS 0x0000000706000000, 0x0000000706000000| Untracked 
|  10|0x0000000706200000, 0x0000000706200000, 0x0000000706400000|  0%| F|  |TAMS 0x0000000706200000, 0x0000000706200000| Untracked 
|  11|0x0000000706400000, 0x0000000706400000, 0x0000000706600000|  0%| F|  |TAMS 0x0000000706400000, 0x0000000706400000| Untracked 
|  12|0x0000000706600000, 0x0000000706600000, 0x0000000706800000|  0%| F|  |TAMS 0x0000000706600000, 0x0000000706600000| Untracked 
|  13|0x0000000706800000, 0x0000000706800000, 0x0000000706a00000|  0%| F|  |TAMS 0x0000000706800000, 0x0000000706800000| Untracked 
|  14|0x0000000706a00000, 0x0000000706a00000, 0x0000000706c00000|  0%| F|  |TAMS 0x0000000706a00000, 0x0000000706a00000| Untracked 
|  15|0x0000000706c00000, 0x0000000706c00000, 0x0000000706e00000|  0%| F|  |TAMS 0x0000000706c00000, 0x0000000706c00000| Untracked 
|  16|0x0000000706e00000, 0x0000000706e00000, 0x0000000707000000|  0%| F|  |TAMS 0x0000000706e00000, 0x0000000706e00000| Untracked 
|  17|0x0000000707000000, 0x0000000707000000, 0x0000000707200000|  0%| F|  |TAMS 0x0000000707000000, 0x0000000707000000| Untracked 
|  18|0x0000000707200000, 0x0000000707200000, 0x0000000707400000|  0%| F|  |TAMS 0x0000000707200000, 0x0000000707200000| Untracked 
|  19|0x0000000707400000, 0x0000000707400000, 0x0000000707600000|  0%| F|  |TAMS 0x0000000707400000, 0x0000000707400000| Untracked 
|  20|0x0000000707600000, 0x0000000707600000, 0x0000000707800000|  0%| F|  |TAMS 0x0000000707600000, 0x0000000707600000| Untracked 
|  21|0x0000000707800000, 0x0000000707800000, 0x0000000707a00000|  0%| F|  |TAMS 0x0000000707800000, 0x0000000707800000| Untracked 
|  22|0x0000000707a00000, 0x0000000707a00000, 0x0000000707c00000|  0%| F|  |TAMS 0x0000000707a00000, 0x0000000707a00000| Untracked 
|  23|0x0000000707c00000, 0x0000000707c00000, 0x0000000707e00000|  0%| F|  |TAMS 0x0000000707c00000, 0x0000000707c00000| Untracked 
|  24|0x0000000707e00000, 0x0000000707e00000, 0x0000000708000000|  0%| F|  |TAMS 0x0000000707e00000, 0x0000000707e00000| Untracked 
|  25|0x0000000708000000, 0x0000000708000000, 0x0000000708200000|  0%| F|  |TAMS 0x0000000708000000, 0x0000000708000000| Untracked 
|  26|0x0000000708200000, 0x0000000708200000, 0x0000000708400000|  0%| F|  |TAMS 0x0000000708200000, 0x0000000708200000| Untracked 
|  27|0x0000000708400000, 0x0000000708400000, 0x0000000708600000|  0%| F|  |TAMS 0x0000000708400000, 0x0000000708400000| Untracked 
|  28|0x0000000708600000, 0x0000000708600000, 0x0000000708800000|  0%| F|  |TAMS 0x0000000708600000, 0x0000000708600000| Untracked 
|  29|0x0000000708800000, 0x0000000708800000, 0x0000000708a00000|  0%| F|  |TAMS 0x0000000708800000, 0x0000000708800000| Untracked 
|  30|0x0000000708a00000, 0x0000000708a00000, 0x0000000708c00000|  0%| F|  |TAMS 0x0000000708a00000, 0x0000000708a00000| Untracked 
|  31|0x0000000708c00000, 0x0000000708c00000, 0x0000000708e00000|  0%| F|  |TAMS 0x0000000708c00000, 0x0000000708c00000| Untracked 
|  32|0x0000000708e00000, 0x0000000708e00000, 0x0000000709000000|  0%| F|  |TAMS 0x0000000708e00000, 0x0000000708e00000| Untracked 
|  33|0x0000000709000000, 0x0000000709000000, 0x0000000709200000|  0%| F|  |TAMS 0x0000000709000000, 0x0000000709000000| Untracked 
|  34|0x0000000709200000, 0x0000000709200000, 0x0000000709400000|  0%| F|  |TAMS 0x0000000709200000, 0x0000000709200000| Untracked 
|  35|0x0000000709400000, 0x0000000709400000, 0x0000000709600000|  0%| F|  |TAMS 0x0000000709400000, 0x0000000709400000| Untracked 
|  36|0x0000000709600000, 0x0000000709600000, 0x0000000709800000|  0%| F|  |TAMS 0x0000000709600000, 0x0000000709600000| Untracked 
|  37|0x0000000709800000, 0x0000000709800000, 0x0000000709a00000|  0%| F|  |TAMS 0x0000000709800000, 0x0000000709800000| Untracked 
|  38|0x0000000709a00000, 0x0000000709a00000, 0x0000000709c00000|  0%| F|  |TAMS 0x0000000709a00000, 0x0000000709a00000| Untracked 
|  39|0x0000000709c00000, 0x0000000709c00000, 0x0000000709e00000|  0%| F|  |TAMS 0x0000000709c00000, 0x0000000709c00000| Untracked 
|  40|0x0000000709e00000, 0x0000000709e00000, 0x000000070a000000|  0%| F|  |TAMS 0x0000000709e00000, 0x0000000709e00000| Untracked 
|  41|0x000000070a000000, 0x000000070a000000, 0x000000070a200000|  0%| F|  |TAMS 0x000000070a000000, 0x000000070a000000| Untracked 
|  42|0x000000070a200000, 0x000000070a200000, 0x000000070a400000|  0%| F|  |TAMS 0x000000070a200000, 0x000000070a200000| Untracked 
|  43|0x000000070a400000, 0x000000070a400000, 0x000000070a600000|  0%| F|  |TAMS 0x000000070a400000, 0x000000070a400000| Untracked 
|  44|0x000000070a600000, 0x000000070a600000, 0x000000070a800000|  0%| F|  |TAMS 0x000000070a600000, 0x000000070a600000| Untracked 
|  45|0x000000070a800000, 0x000000070a800000, 0x000000070aa00000|  0%| F|  |TAMS 0x000000070a800000, 0x000000070a800000| Untracked 
|  46|0x000000070aa00000, 0x000000070aa00000, 0x000000070ac00000|  0%| F|  |TAMS 0x000000070aa00000, 0x000000070aa00000| Untracked 
|  47|0x000000070ac00000, 0x000000070ac00000, 0x000000070ae00000|  0%| F|  |TAMS 0x000000070ac00000, 0x000000070ac00000| Untracked 
|  48|0x000000070ae00000, 0x000000070ae00000, 0x000000070b000000|  0%| F|  |TAMS 0x000000070ae00000, 0x000000070ae00000| Untracked 
|  49|0x000000070b000000, 0x000000070b000000, 0x000000070b200000|  0%| F|  |TAMS 0x000000070b000000, 0x000000070b000000| Untracked 
|  50|0x000000070b200000, 0x000000070b200000, 0x000000070b400000|  0%| F|  |TAMS 0x000000070b200000, 0x000000070b200000| Untracked 
|  51|0x000000070b400000, 0x000000070b400000, 0x000000070b600000|  0%| F|  |TAMS 0x000000070b400000, 0x000000070b400000| Untracked 
|  52|0x000000070b600000, 0x000000070b600000, 0x000000070b800000|  0%| F|  |TAMS 0x000000070b600000, 0x000000070b600000| Untracked 
|  53|0x000000070b800000, 0x000000070b800000, 0x000000070ba00000|  0%| F|  |TAMS 0x000000070b800000, 0x000000070b800000| Untracked 
|  54|0x000000070ba00000, 0x000000070ba00000, 0x000000070bc00000|  0%| F|  |TAMS 0x000000070ba00000, 0x000000070ba00000| Untracked 
|  55|0x000000070bc00000, 0x000000070bc00000, 0x000000070be00000|  0%| F|  |TAMS 0x000000070bc00000, 0x000000070bc00000| Untracked 
|  56|0x000000070be00000, 0x000000070be00000, 0x000000070c000000|  0%| F|  |TAMS 0x000000070be00000, 0x000000070be00000| Untracked 
|  57|0x000000070c000000, 0x000000070c000000, 0x000000070c200000|  0%| F|  |TAMS 0x000000070c000000, 0x000000070c000000| Untracked 
|  58|0x000000070c200000, 0x000000070c200000, 0x000000070c400000|  0%| F|  |TAMS 0x000000070c200000, 0x000000070c200000| Untracked 
|  59|0x000000070c400000, 0x000000070c400000, 0x000000070c600000|  0%| F|  |TAMS 0x000000070c400000, 0x000000070c400000| Untracked 
|  60|0x000000070c600000, 0x000000070c600000, 0x000000070c800000|  0%| F|  |TAMS 0x000000070c600000, 0x000000070c600000| Untracked 
|  61|0x000000070c800000, 0x000000070c800000, 0x000000070ca00000|  0%| F|  |TAMS 0x000000070c800000, 0x000000070c800000| Untracked 
|  62|0x000000070ca00000, 0x000000070ca00000, 0x000000070cc00000|  0%| F|  |TAMS 0x000000070ca00000, 0x000000070ca00000| Untracked 
|  63|0x000000070cc00000, 0x000000070cc00000, 0x000000070ce00000|  0%| F|  |TAMS 0x000000070cc00000, 0x000000070cc00000| Untracked 
|  64|0x000000070ce00000, 0x000000070ce00000, 0x000000070d000000|  0%| F|  |TAMS 0x000000070ce00000, 0x000000070ce00000| Untracked 
|  65|0x000000070d000000, 0x000000070d000000, 0x000000070d200000|  0%| F|  |TAMS 0x000000070d000000, 0x000000070d000000| Untracked 
|  66|0x000000070d200000, 0x000000070d200000, 0x000000070d400000|  0%| F|  |TAMS 0x000000070d200000, 0x000000070d200000| Untracked 
|  67|0x000000070d400000, 0x000000070d400000, 0x000000070d600000|  0%| F|  |TAMS 0x000000070d400000, 0x000000070d400000| Untracked 
|  68|0x000000070d600000, 0x000000070d600000, 0x000000070d800000|  0%| F|  |TAMS 0x000000070d600000, 0x000000070d600000| Untracked 
|  69|0x000000070d800000, 0x000000070d800000, 0x000000070da00000|  0%| F|  |TAMS 0x000000070d800000, 0x000000070d800000| Untracked 
|  70|0x000000070da00000, 0x000000070da00000, 0x000000070dc00000|  0%| F|  |TAMS 0x000000070da00000, 0x000000070da00000| Untracked 
|  71|0x000000070dc00000, 0x000000070dc00000, 0x000000070de00000|  0%| F|  |TAMS 0x000000070dc00000, 0x000000070dc00000| Untracked 
|  72|0x000000070de00000, 0x000000070de00000, 0x000000070e000000|  0%| F|  |TAMS 0x000000070de00000, 0x000000070de00000| Untracked 
|  73|0x000000070e000000, 0x000000070e000000, 0x000000070e200000|  0%| F|  |TAMS 0x000000070e000000, 0x000000070e000000| Untracked 
|  74|0x000000070e200000, 0x000000070e200000, 0x000000070e400000|  0%| F|  |TAMS 0x000000070e200000, 0x000000070e200000| Untracked 
|  75|0x000000070e400000, 0x000000070e400000, 0x000000070e600000|  0%| F|  |TAMS 0x000000070e400000, 0x000000070e400000| Untracked 
|  76|0x000000070e600000, 0x000000070e600000, 0x000000070e800000|  0%| F|  |TAMS 0x000000070e600000, 0x000000070e600000| Untracked 
|  77|0x000000070e800000, 0x000000070e800000, 0x000000070ea00000|  0%| F|  |TAMS 0x000000070e800000, 0x000000070e800000| Untracked 
|  78|0x000000070ea00000, 0x000000070ea00000, 0x000000070ec00000|  0%| F|  |TAMS 0x000000070ea00000, 0x000000070ea00000| Untracked 
|  79|0x000000070ec00000, 0x000000070ec00000, 0x000000070ee00000|  0%| F|  |TAMS 0x000000070ec00000, 0x000000070ec00000| Untracked 
|  80|0x000000070ee00000, 0x000000070ee00000, 0x000000070f000000|  0%| F|  |TAMS 0x000000070ee00000, 0x000000070ee00000| Untracked 
|  81|0x000000070f000000, 0x000000070f000000, 0x000000070f200000|  0%| F|  |TAMS 0x000000070f000000, 0x000000070f000000| Untracked 
|  82|0x000000070f200000, 0x000000070f200000, 0x000000070f400000|  0%| F|  |TAMS 0x000000070f200000, 0x000000070f200000| Untracked 
|  83|0x000000070f400000, 0x000000070f400000, 0x000000070f600000|  0%| F|  |TAMS 0x000000070f400000, 0x000000070f400000| Untracked 
|  84|0x000000070f600000, 0x000000070f600000, 0x000000070f800000|  0%| F|  |TAMS 0x000000070f600000, 0x000000070f600000| Untracked 
|  85|0x000000070f800000, 0x000000070f800000, 0x000000070fa00000|  0%| F|  |TAMS 0x000000070f800000, 0x000000070f800000| Untracked 
|  86|0x000000070fa00000, 0x000000070fa00000, 0x000000070fc00000|  0%| F|  |TAMS 0x000000070fa00000, 0x000000070fa00000| Untracked 
|  87|0x000000070fc00000, 0x000000070fc00000, 0x000000070fe00000|  0%| F|  |TAMS 0x000000070fc00000, 0x000000070fc00000| Untracked 
|  88|0x000000070fe00000, 0x000000070fe00000, 0x0000000710000000|  0%| F|  |TAMS 0x000000070fe00000, 0x000000070fe00000| Untracked 
|  89|0x0000000710000000, 0x0000000710000000, 0x0000000710200000|  0%| F|  |TAMS 0x0000000710000000, 0x0000000710000000| Untracked 
|  90|0x0000000710200000, 0x0000000710200000, 0x0000000710400000|  0%| F|  |TAMS 0x0000000710200000, 0x0000000710200000| Untracked 
|  91|0x0000000710400000, 0x0000000710400000, 0x0000000710600000|  0%| F|  |TAMS 0x0000000710400000, 0x0000000710400000| Untracked 
|  92|0x0000000710600000, 0x0000000710600000, 0x0000000710800000|  0%| F|  |TAMS 0x0000000710600000, 0x0000000710600000| Untracked 
|  93|0x0000000710800000, 0x0000000710800000, 0x0000000710a00000|  0%| F|  |TAMS 0x0000000710800000, 0x0000000710800000| Untracked 
|  94|0x0000000710a00000, 0x0000000710a00000, 0x0000000710c00000|  0%| F|  |TAMS 0x0000000710a00000, 0x0000000710a00000| Untracked 
|  95|0x0000000710c00000, 0x0000000710c00000, 0x0000000710e00000|  0%| F|  |TAMS 0x0000000710c00000, 0x0000000710c00000| Untracked 
|  96|0x0000000710e00000, 0x0000000710e00000, 0x0000000711000000|  0%| F|  |TAMS 0x0000000710e00000, 0x0000000710e00000| Untracked 
|  97|0x0000000711000000, 0x0000000711000000, 0x0000000711200000|  0%| F|  |TAMS 0x0000000711000000, 0x0000000711000000| Untracked 
|  98|0x0000000711200000, 0x0000000711200000, 0x0000000711400000|  0%| F|  |TAMS 0x0000000711200000, 0x0000000711200000| Untracked 
|  99|0x0000000711400000, 0x0000000711400000, 0x0000000711600000|  0%| F|  |TAMS 0x0000000711400000, 0x0000000711400000| Untracked 
| 100|0x0000000711600000, 0x0000000711600000, 0x0000000711800000|  0%| F|  |TAMS 0x0000000711600000, 0x0000000711600000| Untracked 
| 101|0x0000000711800000, 0x0000000711800000, 0x0000000711a00000|  0%| F|  |TAMS 0x0000000711800000, 0x0000000711800000| Untracked 
| 102|0x0000000711a00000, 0x0000000711a00000, 0x0000000711c00000|  0%| F|  |TAMS 0x0000000711a00000, 0x0000000711a00000| Untracked 
| 103|0x0000000711c00000, 0x0000000711c00000, 0x0000000711e00000|  0%| F|  |TAMS 0x0000000711c00000, 0x0000000711c00000| Untracked 
| 104|0x0000000711e00000, 0x0000000711e00000, 0x0000000712000000|  0%| F|  |TAMS 0x0000000711e00000, 0x0000000711e00000| Untracked 
| 105|0x0000000712000000, 0x0000000712000000, 0x0000000712200000|  0%| F|  |TAMS 0x0000000712000000, 0x0000000712000000| Untracked 
| 106|0x0000000712200000, 0x0000000712200000, 0x0000000712400000|  0%| F|  |TAMS 0x0000000712200000, 0x0000000712200000| Untracked 
| 107|0x0000000712400000, 0x0000000712400000, 0x0000000712600000|  0%| F|  |TAMS 0x0000000712400000, 0x0000000712400000| Untracked 
| 108|0x0000000712600000, 0x0000000712600000, 0x0000000712800000|  0%| F|  |TAMS 0x0000000712600000, 0x0000000712600000| Untracked 
| 109|0x0000000712800000, 0x0000000712800000, 0x0000000712a00000|  0%| F|  |TAMS 0x0000000712800000, 0x0000000712800000| Untracked 
| 110|0x0000000712a00000, 0x0000000712a00000, 0x0000000712c00000|  0%| F|  |TAMS 0x0000000712a00000, 0x0000000712a00000| Untracked 
| 111|0x0000000712c00000, 0x0000000712c00000, 0x0000000712e00000|  0%| F|  |TAMS 0x0000000712c00000, 0x0000000712c00000| Untracked 
| 112|0x0000000712e00000, 0x0000000712e00000, 0x0000000713000000|  0%| F|  |TAMS 0x0000000712e00000, 0x0000000712e00000| Untracked 
| 113|0x0000000713000000, 0x0000000713000000, 0x0000000713200000|  0%| F|  |TAMS 0x0000000713000000, 0x0000000713000000| Untracked 
| 114|0x0000000713200000, 0x0000000713200000, 0x0000000713400000|  0%| F|  |TAMS 0x0000000713200000, 0x0000000713200000| Untracked 
| 115|0x0000000713400000, 0x0000000713400000, 0x0000000713600000|  0%| F|  |TAMS 0x0000000713400000, 0x0000000713400000| Untracked 
| 116|0x0000000713600000, 0x0000000713600000, 0x0000000713800000|  0%| F|  |TAMS 0x0000000713600000, 0x0000000713600000| Untracked 
| 117|0x0000000713800000, 0x0000000713800000, 0x0000000713a00000|  0%| F|  |TAMS 0x0000000713800000, 0x0000000713800000| Untracked 
| 118|0x0000000713a00000, 0x0000000713a00000, 0x0000000713c00000|  0%| F|  |TAMS 0x0000000713a00000, 0x0000000713a00000| Untracked 
| 119|0x0000000713c00000, 0x0000000713d53e20, 0x0000000713e00000| 66%| E|  |TAMS 0x0000000713c00000, 0x0000000713c00000| Complete 
| 120|0x0000000713e00000, 0x0000000714000000, 0x0000000714000000|100%| E|CS|TAMS 0x0000000713e00000, 0x0000000713e00000| Complete 
| 121|0x0000000714000000, 0x0000000714200000, 0x0000000714200000|100%| E|CS|TAMS 0x0000000714000000, 0x0000000714000000| Complete 
| 122|0x0000000714200000, 0x0000000714400000, 0x0000000714400000|100%| E|CS|TAMS 0x0000000714200000, 0x0000000714200000| Complete 
| 123|0x0000000714400000, 0x0000000714600000, 0x0000000714600000|100%| E|CS|TAMS 0x0000000714400000, 0x0000000714400000| Complete 
| 124|0x0000000714600000, 0x0000000714800000, 0x0000000714800000|100%| E|CS|TAMS 0x0000000714600000, 0x0000000714600000| Complete 
| 125|0x0000000714800000, 0x0000000714a00000, 0x0000000714a00000|100%| E|CS|TAMS 0x0000000714800000, 0x0000000714800000| Complete 

Card table byte_map: [0x0000022e2de30000,0x0000022e2e610000] _byte_map_base: 0x0000022e2a609000

Marking Bits (Prev, Next): (CMBitMap*) 0x0000022e1831c900, (CMBitMap*) 0x0000022e1831c940
 Prev Bits: [0x0000022e2edf0000, 0x0000022e32cb8000)
 Next Bits: [0x0000022e32cc0000, 0x0000022e36b88000)

Polling page: 0x0000022e18370000

Metaspace:

Usage:
  Non-class:     12.45 MB used.
      Class:      1.43 MB used.
       Both:     13.88 MB used.

Virtual space:
  Non-class space:       64.00 MB reserved,      12.50 MB ( 20%) committed,  1 nodes.
      Class space:        1.00 GB reserved,       1.50 MB ( <1%) committed,  1 nodes.
             Both:        1.06 GB reserved,      14.00 MB (  1%) committed. 

Chunk freelists:
   Non-Class:  3.00 MB
       Class:  14.52 MB
        Both:  17.52 MB

MaxMetaspaceSize: unlimited
CompressedClassSpaceSize: 1.00 GB
Initial GC threshold: 21.00 MB
Current GC threshold: 21.00 MB
CDS: off
MetaspaceReclaimPolicy: balanced
 - commit_granule_bytes: 65536.
 - commit_granule_words: 8192.
 - virtual_space_node_default_size: 8388608.
 - enlarge_chunks_in_place: 1.
 - new_chunks_are_fully_committed: 0.
 - uncommit_free_chunks: 1.
 - use_allocation_guard: 0.
 - handle_deallocations: 1.


Internal statistics:

num_allocs_failed_limit: 0.
num_arena_births: 104.
num_arena_deaths: 0.
num_vsnodes_births: 2.
num_vsnodes_deaths: 0.
num_space_committed: 225.
num_space_uncommitted: 0.
num_chunks_returned_to_freelist: 0.
num_chunks_taken_from_freelist: 161.
num_chunk_merges: 0.
num_chunk_splits: 86.
num_chunks_enlarged: 43.
num_inconsistent_stats: 0.

CodeHeap 'non-profiled nmethods': size=119168Kb used=288Kb max_used=288Kb free=118879Kb
 bounds [0x0000022e24cd0000, 0x0000022e24f40000, 0x0000022e2c130000]
CodeHeap 'profiled nmethods': size=119104Kb used=1639Kb max_used=1639Kb free=117464Kb
 bounds [0x0000022e1d130000, 0x0000022e1d3a0000, 0x0000022e24580000]
CodeHeap 'non-nmethods': size=7488Kb used=2906Kb max_used=2917Kb free=4581Kb
 bounds [0x0000022e24580000, 0x0000022e24860000, 0x0000022e24cd0000]
 total_blobs=1486 nmethods=957 adapters=439
 compilation: enabled
              stopped_count=0, restarted_count=0
 full_count=0

Compilation events (20 events):
Event: 0.260 Thread 0x0000022e3a586860  914       3       java.util.ArrayList::add (25 bytes)
Event: 0.260 Thread 0x0000022e3a582340  915       3       java.util.ArrayList::add (23 bytes)
Event: 0.260 Thread 0x0000022e3a30c760  916       3       java.lang.StringConcatHelper::mix (27 bytes)
Event: 0.260 Thread 0x0000022e3a251140  917       3       java.lang.Class::getComponentType (14 bytes)
Event: 0.261 Thread 0x0000022e3a582340 nmethod 915 0x0000022e1d2b9d10 code [0x0000022e1d2b9ee0, 0x0000022e1d2ba2a8]
Event: 0.261 Thread 0x0000022e3a586860 nmethod 914 0x0000022e1d2ba410 code [0x0000022e1d2ba5e0, 0x0000022e1d2baa28]
Event: 0.261 Thread 0x0000022e3a251140 nmethod 917 0x0000022e1d2bac10 code [0x0000022e1d2badc0, 0x0000022e1d2baf88]
Event: 0.261 Thread 0x0000022e3a30c760 nmethod 916 0x0000022e1d2bb010 code [0x0000022e1d2bb1e0, 0x0000022e1d2bb608]
Event: 0.261 Thread 0x0000022e3a251140  918       3       java.lang.String::equals (56 bytes)
Event: 0.261 Thread 0x0000022e3a251140 nmethod 918 0x0000022e1d2bb810 code [0x0000022e1d2bb9e0, 0x0000022e1d2bbe68]
Event: 0.261 Thread 0x0000022e3a251140  919       3       java.lang.StringConcatHelper::stringOf (20 bytes)
Event: 0.261 Thread 0x0000022e3a251140 nmethod 919 0x0000022e1d2bbf90 code [0x0000022e1d2bc140, 0x0000022e1d2bc388]
Event: 0.262 Thread 0x0000022e3a30c760  920       1       java.beans.PropertyChangeEvent::getOldValue (5 bytes)
Event: 0.262 Thread 0x0000022e3a586860  921       1       java.beans.PropertyChangeEvent::getNewValue (5 bytes)
Event: 0.262 Thread 0x0000022e3a30c760 nmethod 920 0x0000022e24d14390 code [0x0000022e24d14520, 0x0000022e24d145f8]
Event: 0.262 Thread 0x0000022e3a586860 nmethod 921 0x0000022e24d14690 code [0x0000022e24d14820, 0x0000022e24d148f8]
Event: 0.263 Thread 0x0000022e3a30be60  922       4       java.util.HashMap::get (19 bytes)
Event: 0.265 Thread 0x0000022e3a251140  923  s    3       java.util.Hashtable::get (69 bytes)
Event: 0.265 Thread 0x0000022e3a251140 nmethod 923 0x0000022e1d2bc490 code [0x0000022e1d2bc660, 0x0000022e1d2bcbb8]
Event: 0.265 Thread 0x0000022e3a30be60 nmethod 922 0x0000022e24d14990 code [0x0000022e24d14b40, 0x0000022e24d14fc8]

GC Heap History (0 events):
No events

Dll operation events (6 events):
Event: 0.007 Loaded shared library C:\dev\eclipse\plugins\org.eclipse.justj.openjdk.hotspot.jre.full.win32.x86_64_17.0.7.v20230425-1502\jre\bin\java.dll
Event: 0.077 Loaded shared library C:\dev\eclipse\plugins\org.eclipse.justj.openjdk.hotspot.jre.full.win32.x86_64_17.0.7.v20230425-1502\jre\bin\net.dll
Event: 0.080 Loaded shared library C:\dev\eclipse\plugins\org.eclipse.justj.openjdk.hotspot.jre.full.win32.x86_64_17.0.7.v20230425-1502\jre\bin\nio.dll
Event: 0.085 Loaded shared library C:\dev\eclipse\plugins\org.eclipse.justj.openjdk.hotspot.jre.full.win32.x86_64_17.0.7.v20230425-1502\jre\bin\zip.dll
Event: 0.124 Loaded shared library C:\dev\eclipse\plugins\org.eclipse.justj.openjdk.hotspot.jre.full.win32.x86_64_17.0.7.v20230425-1502\jre\bin\jimage.dll
Event: 0.135 Loaded shared library C:\dev\eclipse\plugins\org.eclipse.justj.openjdk.hotspot.jre.full.win32.x86_64_17.0.7.v20230425-1502\jre\bin\awt.dll

Deoptimization events (20 events):
Event: 0.252 Thread 0x0000022e3aab8d60 DEOPT PACKING pc=0x0000022e1d299c6d sp=0x000000b94f3feb20
Event: 0.252 Thread 0x0000022e3aab8d60 DEOPT UNPACKING pc=0x0000022e245d7143 sp=0x000000b94f3fdf90 mode 0
Event: 0.252 Thread 0x0000022e3aab8d60 DEOPT PACKING pc=0x0000022e1d299c6d sp=0x000000b94f3feb20
Event: 0.252 Thread 0x0000022e3aab8d60 DEOPT UNPACKING pc=0x0000022e245d7143 sp=0x000000b94f3fdf90 mode 0
Event: 0.252 Thread 0x0000022e3aab8d60 DEOPT PACKING pc=0x0000022e1d299c6d sp=0x000000b94f3feb20
Event: 0.252 Thread 0x0000022e3aab8d60 DEOPT UNPACKING pc=0x0000022e245d7143 sp=0x000000b94f3fdf90 mode 0
Event: 0.252 Thread 0x0000022e3aab8d60 DEOPT PACKING pc=0x0000022e1d299c6d sp=0x000000b94f3feb20
Event: 0.252 Thread 0x0000022e3aab8d60 DEOPT UNPACKING pc=0x0000022e245d7143 sp=0x000000b94f3fdf90 mode 0
Event: 0.252 Thread 0x0000022e3aab8d60 DEOPT PACKING pc=0x0000022e1d299c6d sp=0x000000b94f3feb20
Event: 0.252 Thread 0x0000022e3aab8d60 DEOPT UNPACKING pc=0x0000022e245d7143 sp=0x000000b94f3fdf90 mode 0
Event: 0.252 Thread 0x0000022e3aab8d60 DEOPT PACKING pc=0x0000022e1d299c6d sp=0x000000b94f3feb20
Event: 0.252 Thread 0x0000022e3aab8d60 DEOPT UNPACKING pc=0x0000022e245d7143 sp=0x000000b94f3fdf90 mode 0
Event: 0.255 Thread 0x0000022e3aab8d60 Uncommon trap: trap_request=0xffffff45 fr.pc=0x0000022e24d126e8 relative=0x0000000000001428
Event: 0.255 Thread 0x0000022e3aab8d60 Uncommon trap: reason=unstable_if action=reinterpret pc=0x0000022e24d126e8 method=sun.awt.image.PNGImageDecoder.produceImage()V @ 970 c2
Event: 0.255 Thread 0x0000022e3aab8d60 DEOPT PACKING pc=0x0000022e24d126e8 sp=0x000000b94f3feda0
Event: 0.255 Thread 0x0000022e3aab8d60 DEOPT UNPACKING pc=0x0000022e245d69a3 sp=0x000000b94f3fecd8 mode 2
Event: 0.259 Thread 0x0000022e182aa310 Uncommon trap: trap_request=0xffffff45 fr.pc=0x0000022e24ce8f14 relative=0x0000000000000194
Event: 0.259 Thread 0x0000022e182aa310 Uncommon trap: reason=unstable_if action=reinterpret pc=0x0000022e24ce8f14 method=java.lang.String.equals(Ljava/lang/Object;)Z @ 33 c2
Event: 0.259 Thread 0x0000022e182aa310 DEOPT PACKING pc=0x0000022e24ce8f14 sp=0x000000b94d6fede0
Event: 0.259 Thread 0x0000022e182aa310 DEOPT UNPACKING pc=0x0000022e245d69a3 sp=0x000000b94d6fed80 mode 2

Classes unloaded (0 events):
No events

Classes redefined (0 events):
No events

Internal exceptions (17 events):
Event: 0.099 Thread 0x0000022e182aa310 Exception <a 'java/lang/NoSuchMethodError'{0x0000000714467480}: 'void java.lang.invoke.DirectMethodHandle$Holder.invokeSpecial(java.lang.Object, java.lang.Object, java.lang.Object)'> (0x0000000714467480) 
thrown [s\src\hotspot\share\interpreter\linkResolver.cpp, line 759]
Event: 0.102 Thread 0x0000022e182aa310 Exception <a 'java/lang/NoSuchMethodError'{0x000000071447dee0}: 'void java.lang.invoke.DirectMethodHandle$Holder.invokeSpecial(java.lang.Object, java.lang.Object, java.lang.Object, java.lang.Object, java.lang.Object)'> (0x000000071447dee0) 
thrown [s\src\hotspot\share\interpreter\linkResolver.cpp, line 759]
Event: 0.104 Thread 0x0000022e182aa310 Exception <a 'java/lang/NoSuchMethodError'{0x00000007144922d0}: 'java.lang.Object java.lang.invoke.DirectMethodHandle$Holder.invokeInterface(java.lang.Object, java.lang.Object)'> (0x00000007144922d0) 
thrown [s\src\hotspot\share\interpreter\linkResolver.cpp, line 759]
Event: 0.104 Thread 0x0000022e182aa310 Exception <a 'java/lang/IncompatibleClassChangeError'{0x0000000714495820}: Found class java.lang.Object, but interface was expected> (0x0000000714495820) 
thrown [s\src\hotspot\share\interpreter\linkResolver.cpp, line 826]
Event: 0.105 Thread 0x0000022e182aa310 Exception <a 'java/lang/NoSuchMethodError'{0x00000007144985e8}: 'void java.lang.invoke.DirectMethodHandle$Holder.invokeStatic(java.lang.Object, java.lang.Object, java.lang.Object, java.lang.Object)'> (0x00000007144985e8) 
thrown [s\src\hotspot\share\interpreter\linkResolver.cpp, line 759]
Event: 0.130 Thread 0x0000022e182aa310 Exception <a 'java/lang/ClassNotFoundException'{0x0000000714540c98}: sun/awt/resources/spi/awtProvider> (0x0000000714540c98) 
thrown [s\src\hotspot\share\classfile\systemDictionary.cpp, line 256]
Event: 0.143 Thread 0x0000022e182aa310 Exception <a 'java/io/FileNotFoundException'{0x00000007145bf0c8}> (0x00000007145bf0c8) 
thrown [s\src\hotspot\share\prims\jni.cpp, line 516]
Event: 0.146 Thread 0x0000022e182aa310 Exception <a 'java/io/FileNotFoundException'{0x00000007145ec208}> (0x00000007145ec208) 
thrown [s\src\hotspot\share\prims\jni.cpp, line 516]
Event: 0.168 Thread 0x0000022e182aa310 Exception <a 'java/lang/NoSuchMethodError'{0x0000000714229268}: 'java.lang.Object java.lang.invoke.DirectMethodHandle$Holder.invokeStaticInit(java.lang.Object)'> (0x0000000714229268) 
thrown [s\src\hotspot\share\interpreter\linkResolver.cpp, line 759]
Event: 0.194 Thread 0x0000022e182aa310 Exception <a 'java/lang/NoSuchMethodError'{0x00000007143180c8}: 'java.lang.Object java.lang.invoke.DirectMethodHandle$Holder.newInvokeSpecial(java.lang.Object, java.lang.Object, java.lang.Object, java.lang.Object, java.lang.Object)'> (0x00000007143180c8) 
thrown [s\src\hotspot\share\interpreter\linkResolver.cpp, line 759]
Event: 0.194 Thread 0x0000022e182aa310 Exception <a 'java/lang/NoSuchMethodError'{0x0000000714323a90}: 'java.lang.Object java.lang.invoke.DirectMethodHandle$Holder.invokeStatic(java.lang.Object, int, java.lang.Object, java.lang.Object, java.lang.Object, java.lang.Object)'> (0x0000000714323a90) 
thrown [s\src\hotspot\share\interpreter\linkResolver.cpp, line 759]
Event: 0.197 Thread 0x0000022e182aa310 Exception <a 'java/lang/NoSuchMethodError'{0x0000000714349250}: 'java.lang.Object java.lang.invoke.DirectMethodHandle$Holder.invokeStatic(java.lang.Object, int, java.lang.Object)'> (0x0000000714349250) 
thrown [s\src\hotspot\share\interpreter\linkResolver.cpp, line 759]
Event: 0.207 Thread 0x0000022e182aa310 Exception <a 'java/lang/ClassNotFoundException'{0x0000000714000b88}: com/sun/swing/internal/plaf/metal/resources/spi/metalProvider> (0x0000000714000b88) 
thrown [s\src\hotspot\share\classfile\systemDictionary.cpp, line 256]
Event: 0.207 Thread 0x0000022e182aa310 Exception <a 'java/lang/ClassNotFoundException'{0x00000007140055a0}: com/sun/swing/internal/plaf/basic/resources/spi/basicProvider> (0x00000007140055a0) 
thrown [s\src\hotspot\share\classfile\systemDictionary.cpp, line 256]
Event: 0.210 Thread 0x0000022e182aa310 Implicit null exception at 0x0000022e24cefe5e to 0x0000022e24cf0a00
Event: 0.231 Thread 0x0000022e3aab8d60 Exception <a 'java/lang/NoSuchMethodError'{0x0000000713e09b40}: 'java.lang.Object java.lang.invoke.DirectMethodHandle$Holder.newInvokeSpecial(java.lang.Object, java.lang.Object, java.lang.Object, int, int, int, int, int)'> (0x0000000713e09b40) 
thrown [s\src\hotspot\share\interpreter\linkResolver.cpp, line 759]
Event: 0.255 Thread 0x0000022e3aab8d60 Implicit null exception at 0x0000022e24d1162d to 0x0000022e24d12654

VM Operations (6 events):
Event: 0.085 Executing VM operation: HandshakeAllThreads
Event: 0.085 Executing VM operation: HandshakeAllThreads done
Event: 0.103 Executing VM operation: HandshakeAllThreads
Event: 0.103 Executing VM operation: HandshakeAllThreads done
Event: 0.260 Executing VM operation: HandshakeAllThreads
Event: 0.260 Executing VM operation: HandshakeAllThreads done

Events (20 events):
Event: 0.265 loading class javax/swing/plaf/basic/BasicPopupMenuUI$MouseGrabber done
Event: 0.265 loading class javax/swing/MenuSelectionManager
Event: 0.265 loading class javax/swing/MenuSelectionManager done
Event: 0.265 loading class javax/swing/plaf/basic/BasicPopupMenuUI$MenuKeyboardHelper
Event: 0.265 loading class javax/swing/plaf/basic/BasicPopupMenuUI$MenuKeyboardHelper done
Event: 0.265 loading class javax/swing/plaf/basic/BasicPopupMenuUI$MenuKeyboardHelper$1
Event: 0.265 loading class java/awt/event/FocusAdapter
Event: 0.265 loading class java/awt/event/FocusAdapter done
Event: 0.265 loading class javax/swing/plaf/basic/BasicPopupMenuUI$MenuKeyboardHelper$1 done
Event: 0.265 loading class javax/swing/plaf/basic/BasicComboPopup$1
Event: 0.265 loading class javax/swing/JList
Event: 0.266 loading class javax/swing/JList done
Event: 0.266 loading class javax/swing/plaf/basic/BasicComboPopup$1 done
Event: 0.266 loading class javax/swing/DropMode
Event: 0.266 loading class javax/swing/DropMode done
Event: 0.266 loading class javax/swing/ToolTipManager
Event: 0.266 loading class java/awt/event/MouseAdapter
Event: 0.266 loading class java/awt/event/MouseAdapter done
Event: 0.266 loading class javax/swing/ToolTipManager done
Event: 0.266 loading class javax/swing/Timer


Dynamic libraries:
0x00007ff7a0040000 - 0x00007ff7a004e000 	C:\dev\eclipse\plugins\org.eclipse.justj.openjdk.hotspot.jre.full.win32.x86_64_17.0.7.v20230425-1502\jre\bin\javaw.exe
0x00007ffe2b990000 - 0x00007ffe2bba6000 	C:\windows\SYSTEM32\ntdll.dll
0x00007ffe2a600000 - 0x00007ffe2a6c4000 	C:\windows\System32\KERNEL32.DLL
0x00007ffe29040000 - 0x00007ffe293e6000 	C:\windows\System32\KERNELBASE.dll
0x00007ffe28cd0000 - 0x00007ffe28de1000 	C:\windows\System32\ucrtbase.dll
0x00007ffe01d10000 - 0x00007ffe01d27000 	C:\dev\eclipse\plugins\org.eclipse.justj.openjdk.hotspot.jre.full.win32.x86_64_17.0.7.v20230425-1502\jre\bin\jli.dll
0x00007ffe2a0c0000 - 0x00007ffe2a26d000 	C:\windows\System32\USER32.dll
0x00007ffe28f60000 - 0x00007ffe28f86000 	C:\windows\System32\win32u.dll
0x00007ffe11b10000 - 0x00007ffe11b29000 	C:\dev\eclipse\plugins\org.eclipse.justj.openjdk.hotspot.jre.full.win32.x86_64_17.0.7.v20230425-1502\jre\bin\VCRUNTIME140.dll
0x00007ffe2b060000 - 0x00007ffe2b089000 	C:\windows\System32\GDI32.dll
0x00007ffe29490000 - 0x00007ffe295a8000 	C:\windows\System32\gdi32full.dll
0x00007ffe07a40000 - 0x00007ffe07cd3000 	C:\windows\WinSxS\amd64_microsoft.windows.common-controls_6595b64144ccf1df_6.0.22621.3235_none_270f74e173860f98\COMCTL32.dll
0x00007ffe293f0000 - 0x00007ffe2948a000 	C:\windows\System32\msvcp_win.dll
0x00007ffe29ac0000 - 0x00007ffe29b67000 	C:\windows\System32\msvcrt.dll
0x00007ffe2b5d0000 - 0x00007ffe2b601000 	C:\windows\System32\IMM32.DLL
0x00007ffe22480000 - 0x00007ffe2248c000 	C:\dev\eclipse\plugins\org.eclipse.justj.openjdk.hotspot.jre.full.win32.x86_64_17.0.7.v20230425-1502\jre\bin\vcruntime140_1.dll
0x00007ffde6f30000 - 0x00007ffde6fc1000 	C:\dev\eclipse\plugins\org.eclipse.justj.openjdk.hotspot.jre.full.win32.x86_64_17.0.7.v20230425-1502\jre\bin\msvcp140.dll
0x00007ffd95980000 - 0x00007ffd965c8000 	C:\dev\eclipse\plugins\org.eclipse.justj.openjdk.hotspot.jre.full.win32.x86_64_17.0.7.v20230425-1502\jre\bin\server\jvm.dll
0x00007ffe2af90000 - 0x00007ffe2b042000 	C:\windows\System32\ADVAPI32.dll
0x00007ffe2b0a0000 - 0x00007ffe2b148000 	C:\windows\System32\sechost.dll
0x00007ffe29010000 - 0x00007ffe29038000 	C:\windows\System32\bcrypt.dll
0x00007ffe2b830000 - 0x00007ffe2b945000 	C:\windows\System32\RPCRT4.dll
0x00007ffe102b0000 - 0x00007ffe102b9000 	C:\windows\SYSTEM32\WSOCK32.dll
0x00007ffe21d90000 - 0x00007ffe21d9a000 	C:\windows\SYSTEM32\VERSION.dll
0x00007ffe29da0000 - 0x00007ffe29e11000 	C:\windows\System32\WS2_32.dll
0x00007ffe12a00000 - 0x00007ffe12a34000 	C:\windows\SYSTEM32\WINMM.dll
0x00007ffe27da0000 - 0x00007ffe27db8000 	C:\windows\SYSTEM32\kernel.appcore.dll
0x00007ffe1c000000 - 0x00007ffe1c00a000 	C:\dev\eclipse\plugins\org.eclipse.justj.openjdk.hotspot.jre.full.win32.x86_64_17.0.7.v20230425-1502\jre\bin\jimage.dll
0x00007ffe1ca20000 - 0x00007ffe1cc53000 	C:\windows\SYSTEM32\DBGHELP.DLL
0x00007ffe2a270000 - 0x00007ffe2a5f8000 	C:\windows\System32\combase.dll
0x00007ffe29fe0000 - 0x00007ffe2a0b7000 	C:\windows\System32\OLEAUT32.dll
0x00007ffe1c9e0000 - 0x00007ffe1ca12000 	C:\windows\SYSTEM32\dbgcore.DLL
0x00007ffe28f90000 - 0x00007ffe2900a000 	C:\windows\System32\bcryptPrimitives.dll
0x00007ffde6ea0000 - 0x00007ffde6ec5000 	C:\dev\eclipse\plugins\org.eclipse.justj.openjdk.hotspot.jre.full.win32.x86_64_17.0.7.v20230425-1502\jre\bin\java.dll
0x00007ffde6e80000 - 0x00007ffde6e98000 	C:\dev\eclipse\plugins\org.eclipse.justj.openjdk.hotspot.jre.full.win32.x86_64_17.0.7.v20230425-1502\jre\bin\zip.dll
0x00007ffe2a6d0000 - 0x00007ffe2af2d000 	C:\windows\System32\SHELL32.dll
0x00007ffe26c40000 - 0x00007ffe27538000 	C:\windows\SYSTEM32\windows.storage.dll
0x00007ffe26b00000 - 0x00007ffe26c3e000 	C:\windows\SYSTEM32\wintypes.dll
0x00007ffe29c80000 - 0x00007ffe29d73000 	C:\windows\System32\SHCORE.dll
0x00007ffe29b70000 - 0x00007ffe29bce000 	C:\windows\System32\shlwapi.dll
0x00007ffe28c00000 - 0x00007ffe28c26000 	C:\windows\SYSTEM32\profapi.dll
0x00007ffdf2700000 - 0x00007ffdf2719000 	C:\dev\eclipse\plugins\org.eclipse.justj.openjdk.hotspot.jre.full.win32.x86_64_17.0.7.v20230425-1502\jre\bin\net.dll
0x00007ffe23360000 - 0x00007ffe23497000 	C:\windows\SYSTEM32\WINHTTP.dll
0x00007ffe28280000 - 0x00007ffe282e9000 	C:\windows\system32\mswsock.dll
0x00007ffdb3e00000 - 0x00007ffdb3e15000 	C:\dev\eclipse\plugins\org.eclipse.justj.openjdk.hotspot.jre.full.win32.x86_64_17.0.7.v20230425-1502\jre\bin\nio.dll
0x00007ffdc7240000 - 0x00007ffdc73ce000 	C:\dev\eclipse\plugins\org.eclipse.justj.openjdk.hotspot.jre.full.win32.x86_64_17.0.7.v20230425-1502\jre\bin\awt.dll
0x00007ffe26080000 - 0x00007ffe26117000 	C:\windows\SYSTEM32\apphelp.dll
0x00007ffe264b0000 - 0x00007ffe264db000 	C:\windows\system32\DWMAPI.DLL
0x00007ffe26240000 - 0x00007ffe262eb000 	C:\windows\system32\uxtheme.dll
0x00007ffdc8010000 - 0x00007ffdc8110000 	C:\windows\system32\opengl32.dll
0x00007ffdef000000 - 0x00007ffdef02d000 	C:\windows\SYSTEM32\GLU32.dll
0x00007ffe26350000 - 0x00007ffe26389000 	C:\windows\SYSTEM32\dxcore.dll
0x00007ffe29e70000 - 0x00007ffe29fc4000 	C:\windows\System32\MSCTF.dll
0x00007ffe2b670000 - 0x00007ffe2b80f000 	C:\windows\System32\ole32.dll

dbghelp: loaded successfully - version: 4.0.5 - missing functions: none
symbol engine: initialized successfully - sym options: 0x614 - pdb path: .;C:\dev\eclipse\plugins\org.eclipse.justj.openjdk.hotspot.jre.full.win32.x86_64_17.0.7.v20230425-1502\jre\bin;C:\windows\SYSTEM32;C:\windows\WinSxS\amd64_microsoft.windows.common-controls_6595b64144ccf1df_6.0.22621.3235_none_270f74e173860f98;C:\dev\eclipse\plugins\org.eclipse.justj.openjdk.hotspot.jre.full.win32.x86_64_17.0.7.v20230425-1502\jre\bin\server

VM Arguments:
jvm_args: -Dfile.encoding=UTF-8 --module-path=C:\dev\drivers\ojdbc8.jar -XX:+ShowCodeDetailsInExceptionMessages 
java_command: eduCourse_prj.professor.design.ProfTestRegDesign
java_class_path (initial): C:\dev\workspace\eduCourse_prj\bin
Launcher Type: SUN_STANDARD

[Global flags]
     intx CICompilerCount                          = 12                                        {product} {ergonomic}
     uint ConcGCThreads                            = 5                                         {product} {ergonomic}
     uint G1ConcRefinementThreads                  = 18                                        {product} {ergonomic}
   size_t G1HeapRegionSize                         = 2097152                                   {product} {ergonomic}
    uintx GCDrainStackTargetSize                   = 64                                        {product} {ergonomic}
   size_t InitialHeapSize                          = 264241152                                 {product} {ergonomic}
   size_t MarkStackSize                            = 4194304                                   {product} {ergonomic}
   size_t MaxHeapSize                              = 4213178368                                {product} {ergonomic}
   size_t MaxNewSize                               = 2527068160                                {product} {ergonomic}
   size_t MinHeapDeltaBytes                        = 2097152                                   {product} {ergonomic}
   size_t MinHeapSize                              = 8388608                                   {product} {ergonomic}
    uintx NonNMethodCodeHeapSize                   = 7602480                                {pd product} {ergonomic}
    uintx NonProfiledCodeHeapSize                  = 122027880                              {pd product} {ergonomic}
    uintx ProfiledCodeHeapSize                     = 122027880                              {pd product} {ergonomic}
    uintx ReservedCodeCacheSize                    = 251658240                              {pd product} {ergonomic}
     bool SegmentedCodeCache                       = true                                      {product} {ergonomic}
     bool ShowCodeDetailsInExceptionMessages       = true                                   {manageable} {command line}
   size_t SoftMaxHeapSize                          = 4213178368                             {manageable} {ergonomic}
     bool UseCompressedClassPointers               = true                           {product lp64_product} {ergonomic}
     bool UseCompressedOops                        = true                           {product lp64_product} {ergonomic}
     bool UseG1GC                                  = true                                      {product} {ergonomic}
     bool UseLargePagesIndividualAllocation        = false                                  {pd product} {ergonomic}

Logging:
Log output configuration:
 #0: stdout all=warning uptime,level,tags
 #1: stderr all=off uptime,level,tags

Environment Variables:
JAVA_HOME=C:/dev/java-17-openjdk-17.0.3.0.6-1
CLASSPATH=.;C:/dev/drivers/ojdbc8.jar
PATH=C:/dev/eclipse//plugins/org.eclipse.justj.openjdk.hotspot.jre.full.win32.x86_64_17.0.7.v20230425-1502/jre/bin/server;C:/dev/eclipse//plugins/org.eclipse.justj.openjdk.hotspot.jre.full.win32.x86_64_17.0.7.v20230425-1502/jre/bin;C:\WINDOWS.X64_193000_db_home\bin;C:\windows\system32;C:\windows;C:\windows\System32\Wbem;C:\windows\System32\WindowsPowerShell\v1.0\;C:\windows\System32\OpenSSH\;C:\Program Files\Bandizip\;C:\Program Files\Git\cmd;C:\dev\java-17-openjdk-17.0.3.0.6-1\bin;C:\Users\user\AppData\Local\Microsoft\WindowsApps;;C:/dev/java-17-openjdk-17.0.3.0.6-1/bin;C:/dev/eclipse;C:\dev;
USERNAME=user
OS=Windows_NT
PROCESSOR_IDENTIFIER=Intel64 Family 6 Model 183 Stepping 1, GenuineIntel
TMP=C:\Users\user\AppData\Local\Temp
TEMP=C:\Users\user\AppData\Local\Temp



---------------  S Y S T E M  ---------------

OS:
 Windows 11 , 64 bit Build 22621 (10.0.22621.3235)
OS uptime: 3 days 11:38 hours

CPU: total 24 (initial active 24) (12 cores per cpu, 2 threads per core) family 6 model 183 stepping 1 microcode 0x11e, cx8, cmov, fxsr, ht, mmx, 3dnowpref, sse, sse2, sse3, ssse3, sse4.1, sse4.2, popcnt, lzcnt, tsc, tscinvbit, avx, avx2, aes, erms, clmul, bmi1, bmi2, adx, sha, fma, vzeroupper, clflush, clflushopt, clwb

Memory: 4k page, system-wide physical 16068M (3187M free)
TotalPageFile size 65220M (AvailPageFile size 3M)
current process WorkingSet (physical memory assigned to process): 75M, peak: 75M
current process commit charge ("private bytes"): 378M, peak: 378M

vm_info: OpenJDK 64-Bit Server VM (17.0.7+7) for windows-amd64 JRE (17.0.7+7), built on Apr 18 2023 22:10:42 by "temurin" with MS VC++ 16.7 (VS2019)

END.
